particle={pos=(0.981239,0.801840), vel=(0.308951,1.530385)}
particle={pos=(0.997589,0.902918), vel=(0.005837,1.486124)}
particle={pos=(0.977508,0.928509), vel=(-0.151735,1.313291)}
particle={pos=(0.958026,0.938781), vel=(-0.227720,1.178176)}
particle={pos=(0.942336,0.937753), vel=(-0.240671,1.067566)}
particle={pos=(0.934321,0.924672), vel=(-0.200794,0.993343)}
particle={pos=(0.931089,0.907855), vel=(-0.148042,0.943425)}
particle={pos=(0.931807,0.888670), vel=(-0.086342,0.918584)}
particle={pos=(0.936302,0.865805), vel=(-0.012928,0.922946)}
particle={pos=(0.943167,0.840853), vel=(0.071449,0.935589)}
particle={pos=(0.950036,0.814480), vel=(0.154948,0.937908)}
particle={pos=(0.951743,0.794256), vel=(0.191904,0.865909)}
particle={pos=(0.948516,0.779119), vel=(0.204955,0.748346)}
particle={pos=(0.942533,0.770738), vel=(0.207465,0.600127)}
particle={pos=(0.935108,0.769425), vel=(0.203631,0.419050)}
particle={pos=(0.927824,0.785612), vel=(0.197356,0.216367)}
particle={pos=(0.920964,0.825577), vel=(0.176853,0.039421)}
particle={pos=(0.914985,0.882816), vel=(0.118651,0.002279)}
particle={pos=(0.912071,0.943377), vel=(0.050200,0.064452)}
particle={pos=(0.911224,1.002969), vel=(-0.010548,0.163822)}
particle={pos=(0.910636,1.059982), vel=(-0.055379,0.258678)}
particle={pos=(0.908069,1.114218), vel=(-0.097112,0.332432)}
particle={pos=(0.904502,1.166834), vel=(-0.149048,0.394187)}
particle={pos=(0.899997,1.217720), vel=(-0.219147,0.450981)}
particle={pos=(0.897426,1.265260), vel=(-0.306883,0.513227)}
particle={pos=(0.897627,1.307677), vel=(-0.396587,0.609367)}
particle={pos=(0.901299,1.342418), vel=(-0.481723,0.747277)}
particle={pos=(0.910093,1.365422), vel=(-0.557674,0.912424)}
particle={pos=(0.923998,1.373861), vel=(-0.607591,1.085292)}
particle={pos=(0.939299,1.363589), vel=(-0.610562,1.245258)}
particle={pos=(0.952841,1.334877), vel=(-0.555861,1.378309)}
particle={pos=(0.975551,1.288769), vel=(-0.481007,1.456573)}
particle={pos=(1.010107,1.227083), vel=(-0.347013,1.441410)}
particle={pos=(1.049653,1.151089), vel=(-0.170482,1.384493)}
particle={pos=(1.080671,1.071088), vel=(0.042874,1.342253)}
particle={pos=(1.087088,0.992604), vel=(0.362079,1.394426)}
particle={pos=(1.019209,0.890331), vel=(0.823230,1.479030)}
particle={pos=(0.860932,0.764073), vel=(0.804946,1.194992)}
particle={pos=(0.711335,0.664802), vel=(0.488460,0.858061)}
particle={pos=(0.575115,0.582895), vel=(0.275626,0.627327)}
particle={pos=(0.446711,0.510061), vel=(0.098676,0.436909)}
particle={pos=(0.324728,0.442278), vel=(-0.057490,0.266210)}
particle={pos=(0.208995,0.377227), vel=(-0.197310,0.106229)}
particle={pos=(0.098776,0.313065), vel=(-0.325189,-0.049899)}
particle={pos=(-0.006275,0.248519), vel=(-0.443029,-0.206427)}
particle={pos=(-0.106273,0.182576), vel=(-0.552347,-0.367214)}
particle={pos=(-0.201211,0.114396), vel=(-0.654406,-0.535931)}
particle={pos=(-0.291438,0.043004), vel=(-0.752206,-0.718397)}
particle={pos=(-0.377188,-0.032588), vel=(-0.849967,-0.922604)}
particle={pos=(-0.459083,-0.113767), vel=(-0.957687,-1.161645)}
particle={pos=(-0.538628,-0.202459), vel=(-1.040970,-1.414892)}
particle={pos=(-0.610764,-0.294743), vel=(-0.909923,-1.488373)}
particle={pos=(-0.660999,-0.379536), vel=(-0.675943,-1.450318)}
particle={pos=(-0.687460,-0.456169), vel=(-0.452226,-1.420359)}
particle={pos=(-0.695770,-0.522738), vel=(-0.248940,-1.382171)}
particle={pos=(-0.687154,-0.582480), vel=(-0.058053,-1.336626)}
particle={pos=(-0.669368,-0.635023), vel=(0.107602,-1.278946)}
particle={pos=(-0.642694,-0.681090), vel=(0.258668,-1.209304)}
particle={pos=(-0.608404,-0.720221), vel=(0.395314,-1.135088)}
particle={pos=(-0.569033,-0.757718), vel=(0.519435,-1.066468)}
particle={pos=(-0.526347,-0.791219), vel=(0.632947,-0.994929)}
particle={pos=(-0.481469,-0.819834), vel=(0.736524,-0.916557)}
particle={pos=(-0.436048,-0.844699), vel=(0.830453,-0.820288)}
particle={pos=(-0.390134,-0.862811), vel=(0.901292,-0.695572)}
particle={pos=(-0.349596,-0.869248), vel=(0.882923,-0.542116)}
particle={pos=(-0.321494,-0.864504), vel=(0.785973,-0.389170)}
particle={pos=(-0.307362,-0.850084), vel=(0.660309,-0.242226)}
particle={pos=(-0.302783,-0.829182), vel=(0.530527,-0.113907)}
particle={pos=(-0.306293,-0.801764), vel=(0.407715,-0.006340)}
particle={pos=(-0.314859,-0.770084), vel=(0.303362,0.080900)}
particle={pos=(-0.325566,-0.735708), vel=(0.215115,0.135613)}
particle={pos=(-0.337302,-0.700284), vel=(0.146654,0.185056)}
particle={pos=(-0.349138,-0.663267), vel=(0.088541,0.228271)}
particle={pos=(-0.361272,-0.624926), vel=(0.034761,0.277589)}
particle={pos=(-0.372804,-0.584591), vel=(-0.012451,0.329018)}
particle={pos=(-0.383317,-0.539948), vel=(-0.053571,0.391696)}
particle={pos=(-0.393738,-0.494923), vel=(-0.095627,0.453310)}
particle={pos=(-0.402652,-0.444103), vel=(-0.146484,0.525935)}
particle={pos=(-0.414544,-0.393213), vel=(-0.207671,0.584086)}
particle={pos=(-0.428749,-0.336380), vel=(-0.291620,0.627865)}
particle={pos=(-0.451104,-0.277967), vel=(-0.388749,0.619472)}
particle={pos=(-0.481744,-0.216525), vel=(-0.485876,0.547027)}
particle={pos=(-0.521405,-0.154694), vel=(-0.555969,0.400751)}
particle={pos=(-0.565838,-0.101037), vel=(-0.566837,0.199540)}
particle={pos=(-0.603842,-0.067373), vel=(-0.470380,-0.046622)}
particle={pos=(-0.623329,-0.073288), vel=(-0.302241,-0.331166)}
particle={pos=(-0.621635,-0.112572), vel=(-0.110334,-0.570904)}
particle={pos=(-0.611602,-0.157778), vel=(0.089887,-0.696468)}
particle={pos=(-0.595912,-0.198141), vel=(0.262359,-0.742872)}
particle={pos=(-0.570390,-0.229698), vel=(0.381156,-0.740592)}
particle={pos=(-0.542599,-0.251127), vel=(0.419279,-0.687455)}
particle={pos=(-0.512376,-0.261053), vel=(0.358060,-0.575847)}
particle={pos=(-0.493881,-0.262916), vel=(0.200401,-0.447336)}
particle={pos=(-0.477251,-0.266669), vel=(0.054784,-0.328539)}
particle={pos=(-0.459804,-0.279823), vel=(-0.051241,-0.246692)}
particle={pos=(-0.435526,-0.303476), vel=(-0.019578,-0.225630)}
particle={pos=(-0.414184,-0.335995), vel=(0.181830,-0.259086)}
particle={pos=(-0.412297,-0.374460), vel=(0.520335,-0.353506)}
particle={pos=(-0.452655,-0.420371), vel=(0.857421,-0.590116)}
particle={pos=(-0.577017,-0.362388), vel=(0.579927,-1.170106)}
