particle={pos=(-0.425412,-1.570309), vel=(1.398989,-2.771209)}
particle={pos=(-0.285038,-1.595854), vel=(1.992424,-1.852412)}
particle={pos=(-0.294070,-1.564420), vel=(1.862722,-2.136973)}
particle={pos=(-0.801580,-1.495562), vel=(0.591578,-2.797386)}
particle={pos=(-0.908567,-1.403665), vel=(0.427430,-2.467110)}
particle={pos=(-0.637891,-1.470069), vel=(1.164044,-2.091055)}
particle={pos=(-0.567887,-1.487866), vel=(1.214315,-2.358988)}
particle={pos=(-0.031646,-1.444385), vel=(2.355979,-1.529426)}
particle={pos=(-0.020656,-1.448001), vel=(1.098859,-0.636212)}
particle={pos=(-0.033698,-1.387894), vel=(-0.425887,0.059568)}
particle={pos=(-0.335402,-1.098560), vel=(0.188868,0.256152)}
particle={pos=(-0.283198,-1.072405), vel=(0.164706,0.786426)}
particle={pos=(-0.110574,-1.292703), vel=(1.080141,-1.991001)}
particle={pos=(-0.075979,-1.265166), vel=(1.720419,0.608383)}
particle={pos=(-0.031890,-1.264963), vel=(0.466288,0.048516)}
particle={pos=(-0.125951,-1.205716), vel=(-0.075105,0.664102)}
particle={pos=(-0.131618,-1.166677), vel=(0.689030,0.341065)}
particle={pos=(-0.145687,-1.045784), vel=(0.824980,0.728774)}
particle={pos=(-0.069752,-1.171060), vel=(-0.116558,-1.784671)}
particle={pos=(-0.062582,-1.164116), vel=(-0.227076,-1.782524)}
particle={pos=(-0.127403,-1.080750), vel=(0.866305,0.658932)}
particle={pos=(-0.094474,-1.092283), vel=(0.809551,-3.221406)}
particle={pos=(-0.092463,-1.077497), vel=(0.724790,-3.126977)}
particle={pos=(-0.047615,-1.057062), vel=(-1.617793,0.156261)}
particle={pos=(-0.810499,-0.939673), vel=(1.142232,-1.361262)}
particle={pos=(-0.377419,-0.799189), vel=(0.893580,1.253085)}
particle={pos=(-0.322486,-0.783427), vel=(0.469678,-2.534743)}
particle={pos=(-0.022311,-1.020271), vel=(-0.794534,-1.666016)}
particle={pos=(-0.058150,-0.978191), vel=(0.721625,-2.743413)}
particle={pos=(-0.056127,-0.979826), vel=(0.855536,-2.660850)}
particle={pos=(-0.052116,-0.978617), vel=(0.845172,-2.820148)}
particle={pos=(-0.036610,-0.992076), vel=(1.064084,-2.923805)}
particle={pos=(-0.048697,-0.981242), vel=(0.888256,-3.040432)}
particle={pos=(-0.048374,-0.980501), vel=(0.948133,-2.910281)}
particle={pos=(-0.103391,-0.954045), vel=(0.347716,-2.250028)}
particle={pos=(-0.070611,-0.970740), vel=(0.659312,-2.590288)}
particle={pos=(-0.074473,-0.965240), vel=(0.637521,-2.493590)}
particle={pos=(-0.065439,-0.964473), vel=(0.577295,-2.741692)}
particle={pos=(-0.085827,-0.953635), vel=(0.311168,-2.620826)}
particle={pos=(-0.067659,-0.948773), vel=(0.562154,-2.824113)}
particle={pos=(-0.081616,-0.940510), vel=(0.322415,-2.600404)}
particle={pos=(-0.082844,-0.933372), vel=(0.239815,-2.872281)}
particle={pos=(-0.077735,-0.942206), vel=(0.400222,-2.666491)}
particle={pos=(-0.064016,-0.947744), vel=(0.597245,-2.816349)}
particle={pos=(-0.060496,-0.942896), vel=(0.579441,-3.027937)}
particle={pos=(-0.056588,-0.934694), vel=(0.095523,-3.600625)}
particle={pos=(-0.252227,-0.907598), vel=(1.047948,1.642348)}
particle={pos=(-0.219485,-0.872971), vel=(0.388898,2.144801)}
particle={pos=(-0.191022,-0.863812), vel=(-0.636673,2.007835)}
particle={pos=(-0.026578,-0.906556), vel=(-1.205726,-1.802819)}
particle={pos=(-0.023118,-0.869002), vel=(-0.346738,1.962389)}
particle={pos=(-0.395761,-0.759052), vel=(0.813618,1.119681)}
particle={pos=(-0.385906,-0.755369), vel=(0.998345,1.155255)}
particle={pos=(-0.328735,-0.778826), vel=(0.311490,-2.448569)}
particle={pos=(-0.356279,-0.761311), vel=(0.841846,0.842473)}
particle={pos=(-0.382942,-0.745380), vel=(0.849450,1.105468)}
particle={pos=(-0.320265,-0.771884), vel=(0.650652,-2.230144)}
particle={pos=(-0.316349,-0.770222), vel=(0.489880,-2.143401)}
particle={pos=(-0.317350,-0.746316), vel=(0.603849,-2.138547)}
particle={pos=(-0.354041,-0.656226), vel=(-0.556214,3.405367)}
particle={pos=(-0.318712,-0.683753), vel=(0.289264,-2.208173)}
particle={pos=(-0.481175,-0.527668), vel=(-0.106775,-2.750222)}
particle={pos=(-0.399924,-0.522680), vel=(0.908982,-1.655812)}
particle={pos=(-0.348988,-0.631299), vel=(0.939249,1.004298)}
particle={pos=(-0.379712,-0.602855), vel=(0.226230,1.882526)}
particle={pos=(-0.380668,-0.601251), vel=(0.536491,1.931936)}
particle={pos=(-0.381519,-0.597829), vel=(1.007928,-1.769702)}
particle={pos=(-0.354437,-0.588710), vel=(1.072883,1.862194)}
particle={pos=(-0.293300,-0.633668), vel=(-0.242298,1.328654)}
particle={pos=(-0.292054,-0.647917), vel=(1.656990,1.811815)}
particle={pos=(-0.368083,-0.578006), vel=(-0.091108,1.873656)}
particle={pos=(-0.350756,-0.582387), vel=(1.475528,1.529822)}
particle={pos=(-0.354200,-0.530621), vel=(-0.144532,1.232475)}
particle={pos=(-0.317524,-0.555311), vel=(-1.095122,1.156214)}
particle={pos=(-0.269711,-0.540310), vel=(-0.598864,-2.180669)}
particle={pos=(-0.205723,-0.745452), vel=(1.491057,1.868219)}
particle={pos=(-0.200554,-0.748108), vel=(-0.872477,2.308079)}
particle={pos=(-0.194048,-0.781084), vel=(1.732750,2.149374)}
particle={pos=(-0.148356,-0.709328), vel=(-1.101874,1.389601)}
particle={pos=(-0.020175,-0.777823), vel=(-0.447939,0.096335)}
particle={pos=(-0.139958,-0.611250), vel=(-2.170539,2.272839)}
particle={pos=(-0.230517,-0.527262), vel=(0.859727,3.389907)}
particle={pos=(-0.197072,-0.527666), vel=(1.946694,2.462865)}
particle={pos=(-0.178168,-0.527349), vel=(-1.458454,-2.062729)}
particle={pos=(-0.153037,-0.552839), vel=(-1.990968,2.538407)}
particle={pos=(-0.057110,-0.645629), vel=(-0.774504,-0.009628)}
particle={pos=(-0.028418,-0.598626), vel=(-2.137810,2.195328)}
particle={pos=(-0.123057,-0.560828), vel=(-0.667842,3.152821)}
particle={pos=(-0.528439,-0.427190), vel=(-0.738317,-2.632752)}
particle={pos=(-0.593984,-0.330207), vel=(-0.673994,2.138773)}
particle={pos=(-0.535425,-0.337317), vel=(-1.051785,1.310531)}
particle={pos=(-0.571627,-0.299415), vel=(0.491635,2.505540)}
particle={pos=(-0.394172,-0.408302), vel=(0.505909,-1.750402)}
particle={pos=(-0.298891,-0.502500), vel=(-0.401722,0.083782)}
particle={pos=(-0.281875,-0.492705), vel=(-0.317416,-0.228856)}
particle={pos=(-0.285688,-0.483964), vel=(-0.397469,3.204718)}
particle={pos=(-0.386110,-0.440782), vel=(0.281371,-1.844506)}
particle={pos=(-0.364679,-0.452841), vel=(0.058621,-1.942913)}
particle={pos=(-0.382712,-0.397824), vel=(0.929151,3.416336)}
particle={pos=(-0.312265,-0.435138), vel=(-1.792837,2.524694)}
particle={pos=(-0.262602,-0.445845), vel=(-1.481723,2.865197)}
particle={pos=(-0.413687,-0.342685), vel=(0.407415,2.868034)}
particle={pos=(-0.479687,-0.299172), vel=(1.526591,2.503143)}
particle={pos=(-0.505898,-0.275830), vel=(1.162008,2.417018)}
particle={pos=(-0.452660,-0.282648), vel=(1.486135,2.561863)}
particle={pos=(-0.341870,-0.334445), vel=(0.968639,3.343220)}
particle={pos=(-0.322220,-0.352568), vel=(-0.269801,2.832748)}
particle={pos=(-0.306319,-0.341045), vel=(1.271908,3.368650)}
particle={pos=(-0.389482,-0.270962), vel=(-0.157959,-2.436462)}
particle={pos=(-0.215103,-0.516846), vel=(2.202223,2.129631)}
particle={pos=(-0.164069,-0.446528), vel=(-1.153445,-0.891903)}
particle={pos=(-0.103239,-0.512239), vel=(2.833917,0.958093)}
particle={pos=(-0.112269,-0.503184), vel=(2.787967,1.035796)}
particle={pos=(-0.108975,-0.502736), vel=(2.816153,1.074716)}
particle={pos=(-0.113884,-0.495094), vel=(2.823422,1.080394)}
particle={pos=(-0.094051,-0.488535), vel=(1.480169,0.968260)}
particle={pos=(-0.071790,-0.492360), vel=(1.540158,1.130312)}
particle={pos=(-0.085661,-0.474649), vel=(2.494840,1.544867)}
particle={pos=(-0.077345,-0.476653), vel=(1.401346,0.812021)}
particle={pos=(-0.091086,-0.468057), vel=(2.816912,0.975257)}
particle={pos=(-0.085504,-0.462153), vel=(-0.124022,0.075887)}
particle={pos=(-0.080673,-0.463831), vel=(1.234848,0.586426)}
particle={pos=(-0.061221,-0.485449), vel=(2.330298,1.927015)}
particle={pos=(-0.053633,-0.485499), vel=(2.449310,1.671029)}
particle={pos=(-0.055602,-0.484043), vel=(2.693447,1.256750)}
particle={pos=(-0.051648,-0.476638), vel=(2.663434,1.277124)}
particle={pos=(-0.037561,-0.474388), vel=(2.420772,1.257811)}
particle={pos=(-0.041521,-0.461509), vel=(2.430742,1.238325)}
particle={pos=(-0.034145,-0.463484), vel=(1.329229,1.075043)}
particle={pos=(-0.031104,-0.479484), vel=(2.627501,1.118425)}
particle={pos=(-0.029774,-0.477344), vel=(2.283602,1.194365)}
particle={pos=(-0.010970,-0.484600), vel=(1.953548,1.232056)}
particle={pos=(-0.016991,-0.468822), vel=(2.255334,1.602878)}
particle={pos=(-0.017690,-0.465386), vel=(2.434941,1.306811)}
particle={pos=(-0.006994,-0.469106), vel=(1.954626,1.130747)}
particle={pos=(-0.088650,-0.451104), vel=(-0.195682,0.156181)}
particle={pos=(-0.081387,-0.449910), vel=(1.925439,1.436852)}
particle={pos=(-0.084116,-0.440015), vel=(0.997211,0.400858)}
particle={pos=(-0.089691,-0.430703), vel=(1.774354,1.765950)}
particle={pos=(-0.090369,-0.428351), vel=(0.012715,-0.073149)}
particle={pos=(-0.075046,-0.433860), vel=(1.817167,1.601665)}
particle={pos=(-0.073831,-0.433120), vel=(1.772793,1.446922)}
particle={pos=(-0.078881,-0.414325), vel=(0.632834,0.307917)}
particle={pos=(-0.079138,-0.402556), vel=(0.606641,0.414298)}
particle={pos=(-0.076210,-0.397195), vel=(0.543872,0.370750)}
particle={pos=(-0.043196,-0.450512), vel=(1.405671,1.005866)}
particle={pos=(-0.060747,-0.432988), vel=(1.703341,1.575849)}
particle={pos=(-0.036882,-0.439383), vel=(1.588184,1.729091)}
particle={pos=(-0.001294,-0.451112), vel=(1.704250,1.233524)}
particle={pos=(-0.002064,-0.447795), vel=(1.459704,1.576456)}
particle={pos=(-0.014594,-0.440899), vel=(1.499613,1.514882)}
particle={pos=(-0.006512,-0.447122), vel=(1.706102,1.205779)}
particle={pos=(-0.004912,-0.439529), vel=(1.444485,1.533487)}
particle={pos=(-0.026567,-0.433626), vel=(1.578392,1.643126)}
particle={pos=(-0.003008,-0.439044), vel=(1.557398,1.410521)}
particle={pos=(-0.053659,-0.421950), vel=(1.236777,0.640260)}
particle={pos=(-0.045769,-0.422813), vel=(1.336292,0.891413)}
particle={pos=(-0.037680,-0.406200), vel=(-0.273637,0.670049)}
particle={pos=(-0.022956,-0.418230), vel=(-0.019463,3.568916)}
particle={pos=(-0.028210,-0.407573), vel=(1.256123,1.143716)}
particle={pos=(-0.022377,-0.411459), vel=(1.303502,1.059978)}
particle={pos=(-0.017728,-0.411942), vel=(-0.481436,0.766223)}
particle={pos=(-0.007473,-0.412767), vel=(1.130883,1.361354)}
particle={pos=(-0.029813,-0.404714), vel=(-0.260104,0.115260)}
particle={pos=(-0.031878,-0.395414), vel=(-0.161094,0.578556)}
particle={pos=(-0.014726,-0.404503), vel=(0.961289,1.413421)}
particle={pos=(-0.006254,-0.404875), vel=(-0.491188,0.675582)}
particle={pos=(-0.012920,-0.394047), vel=(-0.393449,0.116116)}
particle={pos=(-0.246932,-0.340730), vel=(-1.056844,-1.772140)}
particle={pos=(-0.142534,-0.390465), vel=(-2.168762,-0.353396)}
particle={pos=(-0.168169,-0.353485), vel=(1.393803,3.419256)}
particle={pos=(-0.165759,-0.332216), vel=(0.096700,3.229135)}
particle={pos=(-0.219831,-0.310713), vel=(-1.201354,-1.651060)}
particle={pos=(-0.078499,-0.366599), vel=(-2.319420,0.091938)}
particle={pos=(-0.025729,-0.359920), vel=(-0.128164,0.875180)}
particle={pos=(-0.047532,-0.354816), vel=(0.252105,0.603723)}
particle={pos=(-0.020510,-0.327258), vel=(0.088556,1.007361)}
particle={pos=(-0.494864,-0.199263), vel=(-2.052712,0.961566)}
particle={pos=(-0.416359,-0.200743), vel=(-0.505294,-2.363199)}
particle={pos=(-0.401464,-0.156291), vel=(0.265844,-0.988268)}
particle={pos=(-0.281871,-0.234137), vel=(-0.687643,0.535736)}
particle={pos=(-0.271340,-0.193832), vel=(2.562671,2.068482)}
particle={pos=(-0.283978,-0.146129), vel=(-0.690540,-0.892475)}
particle={pos=(-0.470981,-0.109411), vel=(-1.586864,1.088883)}
particle={pos=(-0.517206,-0.069914), vel=(0.257959,2.652622)}
particle={pos=(-0.442789,-0.035322), vel=(-1.307511,2.180130)}
particle={pos=(-0.424687,-0.010419), vel=(-0.412269,2.254357)}
particle={pos=(-0.392771,-0.016879), vel=(-0.116519,-0.233239)}
particle={pos=(-0.354788,-0.103419), vel=(-0.496127,-2.049004)}
particle={pos=(-0.280745,-0.052711), vel=(-0.508048,-1.779817)}
particle={pos=(-0.223995,-0.224037), vel=(-1.597206,0.864851)}
particle={pos=(-0.136060,-0.230706), vel=(0.541951,2.455098)}
particle={pos=(-0.134168,-0.223922), vel=(1.478889,2.796750)}
particle={pos=(-0.142359,-0.206912), vel=(0.914538,2.317043)}
particle={pos=(-0.209049,-0.184057), vel=(-0.667966,2.038559)}
particle={pos=(-0.147311,-0.172934), vel=(1.716984,3.014215)}
particle={pos=(-0.110577,-0.253631), vel=(-2.223084,1.157412)}
particle={pos=(-0.127518,-0.203647), vel=(1.383832,2.451842)}
particle={pos=(-0.044651,-0.213631), vel=(-0.027516,2.702801)}
particle={pos=(-0.025273,-0.209779), vel=(-2.388743,1.412447)}
particle={pos=(-0.113844,-0.141413), vel=(-1.402659,-0.093596)}
particle={pos=(-0.212278,-0.015939), vel=(-0.874803,-1.655513)}
particle={pos=(-0.106686,-0.113734), vel=(-0.660507,0.886275)}
particle={pos=(-0.108002,-0.107024), vel=(-0.756249,0.905329)}
particle={pos=(-0.046011,-0.120271), vel=(2.519098,1.609290)}
particle={pos=(-0.089702,-0.064805), vel=(-0.769025,0.955492)}
particle={pos=(-0.087024,-0.051081), vel=(-0.796180,1.022396)}
particle={pos=(-0.080500,-0.052903), vel=(-0.777017,0.981884)}
particle={pos=(-0.077909,-0.049778), vel=(-0.716653,1.016749)}
particle={pos=(-0.077843,-0.039157), vel=(-0.815164,1.082370)}
particle={pos=(-0.115628,-0.001621), vel=(-1.626992,0.812813)}
particle={pos=(-0.068101,-0.013936), vel=(-0.765860,1.219573)}
particle={pos=(0.452500,-3.265944), vel=(0.780772,-2.354940)}
particle={pos=(0.331817,-3.157282), vel=(1.058916,-2.566276)}
particle={pos=(0.582837,-3.319550), vel=(1.747630,-3.556919)}
particle={pos=(0.868515,-3.328510), vel=(1.824230,-3.133635)}
particle={pos=(0.931141,-3.137106), vel=(2.039798,-2.145796)}
particle={pos=(0.388806,-2.998839), vel=(1.349892,-1.179587)}
particle={pos=(0.156069,-2.648889), vel=(1.325423,-1.857113)}
particle={pos=(0.491280,-2.613516), vel=(1.168709,0.433567)}
particle={pos=(0.892991,-3.027308), vel=(1.261012,-1.912276)}
particle={pos=(0.939662,-3.044601), vel=(2.150084,-2.023649)}
particle={pos=(0.899798,-2.912513), vel=(1.451325,-1.015273)}
particle={pos=(0.763266,-2.735777), vel=(0.887699,-2.215170)}
particle={pos=(0.766557,-2.744078), vel=(0.911420,-2.252268)}
particle={pos=(0.765149,-2.740570), vel=(0.933221,-2.225767)}
particle={pos=(0.708973,-2.684152), vel=(0.583661,-1.860389)}
particle={pos=(0.658095,-2.649094), vel=(0.578362,-1.543480)}
particle={pos=(0.656357,-2.643362), vel=(0.593496,-1.487756)}
particle={pos=(0.668161,-2.638269), vel=(0.469726,-1.583664)}
particle={pos=(0.694080,-2.657141), vel=(0.571754,-1.712955)}
particle={pos=(0.963479,-2.613764), vel=(1.381011,-2.069818)}
particle={pos=(0.979549,-2.640849), vel=(1.874172,-2.624020)}
particle={pos=(0.500564,-2.531772), vel=(1.254411,0.831619)}
particle={pos=(0.352249,-2.461066), vel=(0.327545,0.120678)}
particle={pos=(0.380979,-2.349664), vel=(-0.431392,0.349010)}
particle={pos=(0.475133,-2.435459), vel=(1.243563,1.228351)}
particle={pos=(0.479326,-2.412964), vel=(1.852594,1.088635)}
particle={pos=(0.427177,-2.372034), vel=(2.398483,0.094835)}
particle={pos=(0.436495,-2.344686), vel=(0.821376,-1.173419)}
particle={pos=(0.496533,-2.380698), vel=(1.803406,1.302783)}
particle={pos=(0.484716,-2.348208), vel=(1.985337,1.168451)}
particle={pos=(0.491815,-2.374112), vel=(1.839123,1.282203)}
particle={pos=(0.492976,-2.370849), vel=(1.883913,1.161595)}
particle={pos=(0.502410,-2.359653), vel=(-0.119165,-1.183405)}
particle={pos=(0.192652,-2.208359), vel=(1.738371,-0.800538)}
particle={pos=(0.240821,-2.127083), vel=(1.004890,0.544415)}
particle={pos=(0.239631,-2.114476), vel=(0.440910,-0.279459)}
particle={pos=(0.229393,-2.095603), vel=(0.473526,-0.278515)}
particle={pos=(0.237387,-2.090615), vel=(0.032794,-0.310951)}
particle={pos=(0.287278,-2.336771), vel=(1.298291,0.389434)}
particle={pos=(0.353630,-2.326440), vel=(1.820130,-0.086047)}
particle={pos=(0.381112,-2.317885), vel=(2.035168,-0.224624)}
particle={pos=(0.355417,-2.300623), vel=(1.541219,-0.133611)}
particle={pos=(0.383552,-2.293583), vel=(2.096488,-0.575755)}
particle={pos=(0.453648,-2.323115), vel=(0.376910,-1.399160)}
particle={pos=(0.392972,-2.280669), vel=(1.887372,-0.866968)}
particle={pos=(0.517966,-2.295007), vel=(2.000868,1.123541)}
particle={pos=(0.513562,-2.293192), vel=(1.523445,-0.400039)}
particle={pos=(0.515815,-2.290761), vel=(1.793509,0.464260)}
particle={pos=(0.393074,-2.225490), vel=(2.181327,-0.882680)}
particle={pos=(0.471884,-2.239482), vel=(1.570998,1.793828)}
particle={pos=(0.518690,-2.238663), vel=(1.571717,0.328030)}
particle={pos=(0.365962,-2.184551), vel=(-0.794019,-0.416665)}
particle={pos=(0.333221,-2.101648), vel=(1.229847,-0.729130)}
particle={pos=(0.407957,-2.164525), vel=(-1.003747,-0.372542)}
particle={pos=(0.478594,-2.203337), vel=(1.628381,1.805158)}
particle={pos=(0.483146,-2.191604), vel=(-1.322886,-0.359136)}
particle={pos=(0.518243,-2.199838), vel=(1.456421,0.516906)}
particle={pos=(0.519387,-2.171718), vel=(1.143496,0.788479)}
particle={pos=(0.516174,-2.161665), vel=(1.569894,-0.204777)}
particle={pos=(0.401856,-2.108597), vel=(-1.024336,-0.729302)}
particle={pos=(0.482767,-2.137329), vel=(1.627769,0.200536)}
particle={pos=(0.475895,-2.119523), vel=(1.773507,1.072695)}
particle={pos=(0.490073,-2.146857), vel=(1.598061,0.124820)}
particle={pos=(0.492565,-2.134629), vel=(1.440635,0.010300)}
particle={pos=(0.516581,-2.136183), vel=(1.585135,-0.105808)}
particle={pos=(0.495351,-2.124147), vel=(1.375696,0.048330)}
particle={pos=(0.504878,-2.118977), vel=(1.522037,0.050808)}
particle={pos=(0.506891,-2.117105), vel=(1.417548,0.082369)}
particle={pos=(0.486352,-2.106246), vel=(1.539614,0.552343)}
particle={pos=(0.486932,-2.102080), vel=(1.533076,0.728073)}
particle={pos=(0.501448,-2.102370), vel=(1.343141,0.277743)}
particle={pos=(0.519442,-2.115732), vel=(1.548403,0.049075)}
particle={pos=(0.501909,-2.087429), vel=(1.356853,0.507485)}
particle={pos=(0.517380,-2.095585), vel=(1.537419,0.277257)}
particle={pos=(0.608640,-2.578090), vel=(0.388922,-1.087628)}
particle={pos=(0.594446,-2.566599), vel=(0.269041,-1.038972)}
particle={pos=(0.560747,-2.535330), vel=(0.336164,-0.840224)}
particle={pos=(0.607760,-2.488620), vel=(-0.031460,-1.704367)}
particle={pos=(0.545872,-2.421004), vel=(0.154990,-1.536284)}
particle={pos=(0.552846,-2.404567), vel=(0.108136,-1.667664)}
particle={pos=(0.549765,-2.388585), vel=(0.236117,-1.839624)}
particle={pos=(0.527065,-2.363404), vel=(-0.062797,-1.312973)}
particle={pos=(0.540900,-2.351082), vel=(-0.363517,-1.401230)}
particle={pos=(0.585843,-2.371423), vel=(0.144727,-1.987837)}
particle={pos=(0.594493,-2.381081), vel=(0.004607,-1.877533)}
particle={pos=(0.897295,-2.554125), vel=(1.502448,-2.795756)}
particle={pos=(0.866971,-2.517324), vel=(0.690509,-1.745773)}
particle={pos=(0.535418,-2.338130), vel=(1.623393,1.452714)}
particle={pos=(0.540159,-2.326494), vel=(1.563542,1.524821)}
particle={pos=(0.556664,-2.342898), vel=(3.017512,-4.814452)}
particle={pos=(0.530355,-2.290264), vel=(1.888588,1.060817)}
particle={pos=(0.585889,-2.281290), vel=(1.189235,1.440512)}
particle={pos=(0.588707,-2.296391), vel=(1.204530,0.290259)}
particle={pos=(0.544896,-2.263933), vel=(1.135965,0.280261)}
particle={pos=(0.525908,-2.253898), vel=(1.438506,-0.034083)}
particle={pos=(0.524465,-2.249929), vel=(1.643688,-0.072701)}
particle={pos=(0.524396,-2.247227), vel=(1.650715,-0.205326)}
particle={pos=(0.525721,-2.242484), vel=(1.652068,-0.257230)}
particle={pos=(0.535041,-2.238945), vel=(0.840728,0.574521)}
particle={pos=(0.542179,-2.235798), vel=(1.453524,1.701011)}
particle={pos=(0.522837,-2.225827), vel=(1.522517,0.474800)}
particle={pos=(0.536546,-2.226967), vel=(1.685038,-0.480383)}
particle={pos=(0.526865,-2.215212), vel=(1.283141,0.563019)}
particle={pos=(0.530757,-2.219004), vel=(1.609638,-0.351113)}
particle={pos=(0.532500,-2.214122), vel=(1.605459,-0.392877)}
particle={pos=(0.541121,-2.229681), vel=(1.714054,-0.752584)}
particle={pos=(0.540311,-2.220492), vel=(1.624452,-0.503396)}
particle={pos=(0.555405,-2.239008), vel=(1.308611,-1.139647)}
particle={pos=(0.559591,-2.232332), vel=(1.341744,-1.398755)}
particle={pos=(0.573302,-2.217309), vel=(0.877091,1.281486)}
particle={pos=(0.624795,-2.235181), vel=(1.304385,-1.068655)}
particle={pos=(0.669694,-2.319466), vel=(0.421558,-2.165667)}
particle={pos=(0.671495,-2.322791), vel=(0.431910,-2.208949)}
particle={pos=(0.712805,-2.284795), vel=(0.918399,-2.390970)}
particle={pos=(0.730873,-2.240675), vel=(1.175003,-2.421378)}
particle={pos=(0.524865,-2.209887), vel=(1.492619,0.581127)}
particle={pos=(0.534645,-2.210229), vel=(1.617748,-0.388575)}
particle={pos=(0.530775,-2.206421), vel=(1.273703,0.690098)}
particle={pos=(0.535229,-2.208152), vel=(1.558859,-0.329756)}
particle={pos=(0.522192,-2.194546), vel=(1.215930,0.639270)}
particle={pos=(0.532571,-2.189549), vel=(1.233998,0.806459)}
particle={pos=(0.522520,-2.186149), vel=(1.371790,0.627934)}
particle={pos=(0.523079,-2.181301), vel=(1.170363,0.722657)}
particle={pos=(0.535163,-2.179880), vel=(1.262946,1.008406)}
particle={pos=(0.522138,-2.162154), vel=(1.095149,0.893064)}
particle={pos=(0.525754,-2.152017), vel=(1.168497,1.126278)}
particle={pos=(0.611078,-2.085162), vel=(3.811208,-4.207988)}
particle={pos=(0.221630,-2.072768), vel=(0.424841,-0.232478)}
particle={pos=(0.240260,-2.070073), vel=(0.046821,-0.333143)}
particle={pos=(0.258116,-2.055606), vel=(-0.455311,-0.420273)}
particle={pos=(0.191900,-1.930013), vel=(0.460630,-0.151935)}
particle={pos=(0.266018,-2.076708), vel=(0.973002,-0.119593)}
particle={pos=(0.390224,-2.074629), vel=(2.044804,-0.570899)}
particle={pos=(0.261697,-2.005722), vel=(1.045064,-0.094339)}
particle={pos=(0.296280,-2.005715), vel=(1.448457,-0.049507)}
particle={pos=(0.435265,-1.973619), vel=(4.533865,-3.935764)}
particle={pos=(0.441719,-1.968897), vel=(-0.286381,-1.135943)}
particle={pos=(0.454468,-1.968098), vel=(4.654854,-4.095129)}
particle={pos=(0.474881,-1.994477), vel=(-0.246241,-1.375023)}
particle={pos=(0.476618,-1.971543), vel=(4.582171,-4.137851)}
particle={pos=(0.368703,-1.924548), vel=(0.036670,-0.693143)}
particle={pos=(0.306647,-1.833777), vel=(2.801221,-5.260634)}
particle={pos=(0.357107,-1.877609), vel=(-0.036136,-0.476702)}
particle={pos=(0.330862,-1.828220), vel=(1.503989,0.313018)}
particle={pos=(0.372381,-1.843049), vel=(1.798044,0.235331)}
particle={pos=(0.384545,-1.852258), vel=(1.402373,0.253631)}
particle={pos=(0.471117,-1.938071), vel=(-0.358496,-1.106541)}
particle={pos=(0.487539,-1.926001), vel=(-0.354124,-1.049042)}
particle={pos=(0.480368,-1.904169), vel=(0.034208,-1.263099)}
particle={pos=(0.439319,-1.864637), vel=(0.109102,-1.349397)}
particle={pos=(0.432271,-1.861999), vel=(0.224600,-1.355793)}
particle={pos=(0.256383,-1.643856), vel=(0.859846,-0.037767)}
particle={pos=(0.173713,-1.611648), vel=(0.157410,-0.108137)}
particle={pos=(0.184796,-1.601540), vel=(0.220272,-0.203866)}
particle={pos=(0.205640,-1.619626), vel=(0.469169,-0.218945)}
particle={pos=(0.223599,-1.570800), vel=(0.328268,-0.360856)}
particle={pos=(0.316871,-1.818379), vel=(1.492151,0.391793)}
particle={pos=(0.317990,-1.758376), vel=(1.548635,0.509310)}
particle={pos=(0.343566,-1.809736), vel=(1.528350,0.377246)}
particle={pos=(0.363495,-1.789943), vel=(-0.525912,-0.529929)}
particle={pos=(0.314007,-1.756505), vel=(0.204390,-0.049703)}
particle={pos=(0.315004,-1.744926), vel=(1.567126,0.550426)}
particle={pos=(0.319438,-1.745381), vel=(-0.378621,-0.395988)}
particle={pos=(0.279968,-1.700332), vel=(0.644805,-0.062514)}
particle={pos=(0.309505,-1.702197), vel=(0.805614,-0.105661)}
particle={pos=(0.370789,-1.700581), vel=(1.581997,-1.334289)}
particle={pos=(0.425579,-1.802789), vel=(0.840556,-1.434291)}
particle={pos=(0.459676,-1.817125), vel=(-0.023200,-1.491239)}
particle={pos=(0.443032,-1.749542), vel=(0.793165,-1.499678)}
particle={pos=(0.454191,-1.749000), vel=(1.649319,-1.422058)}
particle={pos=(0.393417,-1.709318), vel=(1.614892,0.553736)}
particle={pos=(0.398282,-1.707554), vel=(1.498511,0.548762)}
particle={pos=(0.465139,-1.757329), vel=(-0.716856,-0.739655)}
particle={pos=(0.472431,-1.743608), vel=(1.530832,-1.415310)}
particle={pos=(0.274479,-1.680720), vel=(0.680893,-0.099401)}
particle={pos=(0.272468,-1.673647), vel=(0.725770,-0.082109)}
particle={pos=(0.289894,-1.663818), vel=(1.255071,-0.083398)}
particle={pos=(0.389522,-1.688581), vel=(1.274165,0.514356)}
particle={pos=(0.362017,-1.615385), vel=(1.685150,0.474397)}
particle={pos=(0.441381,-1.649448), vel=(2.072463,-1.592949)}
particle={pos=(0.469171,-1.662356), vel=(2.296246,0.735129)}
particle={pos=(0.497516,-1.684599), vel=(0.339859,-0.568990)}
particle={pos=(0.504915,-1.681345), vel=(0.322937,-0.680377)}
particle={pos=(0.513040,-1.683790), vel=(0.518695,-0.826941)}
particle={pos=(0.519291,-1.671459), vel=(0.925319,-0.745468)}
particle={pos=(0.393995,-1.623557), vel=(1.307284,0.418670)}
particle={pos=(0.427101,-1.606110), vel=(0.303090,-0.683797)}
particle={pos=(0.396919,-1.591556), vel=(1.202660,0.355958)}
particle={pos=(0.397466,-1.583362), vel=(1.163647,0.337843)}
particle={pos=(0.411990,-1.593988), vel=(1.327493,0.394411)}
particle={pos=(0.406210,-1.573698), vel=(1.224227,0.336742)}
particle={pos=(0.512918,-1.622208), vel=(1.573448,-0.834671)}
particle={pos=(0.601812,-1.917607), vel=(0.706040,-1.227836)}
particle={pos=(0.584130,-1.883373), vel=(-0.143921,-1.343282)}
particle={pos=(0.536461,-1.795621), vel=(1.124168,-1.344985)}
particle={pos=(0.537200,-1.715206), vel=(0.935078,-0.822316)}
particle={pos=(0.673760,-1.801980), vel=(0.301091,-1.273908)}
particle={pos=(0.893822,-1.592411), vel=(-0.171411,-0.432227)}
particle={pos=(0.104603,-1.461585), vel=(-0.878615,-0.388785)}
particle={pos=(0.178622,-1.541047), vel=(0.103549,-0.253337)}
particle={pos=(0.162851,-1.464902), vel=(-1.164669,-0.468548)}
particle={pos=(0.157509,-1.441284), vel=(-1.304425,-0.585503)}
particle={pos=(0.189994,-1.436997), vel=(-1.432598,-0.656027)}
particle={pos=(0.135356,-1.415007), vel=(1.365145,-0.382295)}
particle={pos=(0.228156,-1.370261), vel=(0.454756,0.413882)}
particle={pos=(0.349688,-1.536176), vel=(-1.363618,-0.221068)}
particle={pos=(0.338371,-1.500602), vel=(2.020089,-1.150728)}
particle={pos=(0.273530,-1.467769), vel=(-1.638621,-0.612757)}
particle={pos=(0.292554,-1.455519), vel=(-1.698721,-0.615098)}
particle={pos=(0.291051,-1.436923), vel=(2.264155,-1.201343)}
particle={pos=(0.358403,-1.473942), vel=(-1.409584,-0.084456)}
particle={pos=(0.328980,-1.452615), vel=(-1.753658,-0.551644)}
particle={pos=(0.373229,-1.448849), vel=(1.437599,-1.515232)}
particle={pos=(0.369030,-1.446031), vel=(-1.527655,-0.150680)}
particle={pos=(0.369420,-1.436883), vel=(-1.757979,-0.574499)}
particle={pos=(0.433809,-1.551192), vel=(0.662878,0.525453)}
particle={pos=(0.472815,-1.549247), vel=(1.720304,-0.711299)}
particle={pos=(0.401411,-1.496318), vel=(0.689666,-0.338610)}
particle={pos=(0.431635,-1.433010), vel=(-1.735462,-0.534669)}
particle={pos=(0.506343,-1.483546), vel=(1.298549,-0.281863)}
particle={pos=(0.469105,-1.439874), vel=(0.903371,-0.367527)}
particle={pos=(0.303226,-1.400505), vel=(1.863555,-0.287805)}
particle={pos=(0.335556,-1.412199), vel=(0.781683,-0.211115)}
particle={pos=(0.295856,-1.325962), vel=(1.172048,0.690977)}
particle={pos=(0.402551,-1.394233), vel=(-1.733925,-0.630647)}
particle={pos=(0.461696,-1.405827), vel=(1.632269,1.338061)}
particle={pos=(0.463325,-1.390665), vel=(-1.687202,-0.529267)}
particle={pos=(0.134835,-1.259733), vel=(0.895902,-0.856460)}
particle={pos=(0.224703,-1.297463), vel=(1.450561,-0.860563)}
particle={pos=(0.029114,-1.140107), vel=(-0.077274,0.957779)}
particle={pos=(0.067280,-1.159960), vel=(0.300236,0.991518)}
particle={pos=(0.068976,-1.110693), vel=(0.265302,1.003041)}
particle={pos=(0.059639,-1.101160), vel=(3.541888,0.686192)}
particle={pos=(0.170164,-1.152010), vel=(0.283796,0.571422)}
particle={pos=(0.283252,-1.294817), vel=(2.071046,0.440939)}
particle={pos=(0.290643,-1.270337), vel=(0.938098,0.708021)}
particle={pos=(0.363011,-1.292893), vel=(-0.625670,0.315195)}
particle={pos=(0.326093,-1.244099), vel=(1.785179,0.661025)}
particle={pos=(0.273575,-1.111945), vel=(1.380030,0.959201)}
particle={pos=(0.329447,-1.126358), vel=(0.501524,1.242947)}
particle={pos=(0.342926,-1.108776), vel=(0.627849,1.292957)}
particle={pos=(0.305398,-1.044101), vel=(0.518487,1.450472)}
particle={pos=(0.385585,-1.089515), vel=(-1.282229,-0.529862)}
particle={pos=(0.404691,-1.092586), vel=(1.536760,-0.312485)}
particle={pos=(0.420954,-1.081328), vel=(-1.190926,-0.538790)}
particle={pos=(0.444713,-1.080098), vel=(-0.026441,-0.122942)}
particle={pos=(0.586456,-1.349163), vel=(-1.191684,-0.197553)}
particle={pos=(0.866763,-1.404097), vel=(1.366970,-0.693676)}
particle={pos=(0.599795,-1.263699), vel=(0.243254,-0.537733)}
particle={pos=(0.666285,-1.175915), vel=(0.261948,-0.164721)}
particle={pos=(1.010342,-1.101819), vel=(0.256382,0.305652)}
particle={pos=(0.027942,-0.922838), vel=(0.040463,1.799618)}
particle={pos=(0.172281,-0.956548), vel=(-0.481772,0.492409)}
particle={pos=(0.084857,-0.876437), vel=(-0.642917,0.900964)}
particle={pos=(0.055000,-0.790849), vel=(-1.272075,-1.713672)}
particle={pos=(0.172725,-0.891456), vel=(0.880889,1.813622)}
particle={pos=(0.149807,-0.798026), vel=(-0.512137,2.156176)}
particle={pos=(0.299189,-1.035436), vel=(0.495409,1.481364)}
particle={pos=(0.302135,-1.019117), vel=(0.822511,1.917005)}
particle={pos=(0.296465,-1.015587), vel=(0.519072,1.566380)}
particle={pos=(0.384239,-1.026075), vel=(-1.217795,-0.318732)}
particle={pos=(0.357380,-0.987091), vel=(-1.272544,-0.311141)}
particle={pos=(0.399557,-1.012295), vel=(-1.377613,0.560045)}
particle={pos=(0.489142,-0.991517), vel=(-1.304311,0.560593)}
particle={pos=(0.335304,-0.911165), vel=(-1.452216,-0.259444)}
particle={pos=(0.481894,-0.784016), vel=(0.271236,1.950360)}
particle={pos=(0.008614,-0.673207), vel=(-0.109596,-2.785751)}
particle={pos=(0.009139,-0.631620), vel=(-0.375687,-2.599868)}
particle={pos=(0.503691,-0.765297), vel=(-0.496416,1.000116)}
particle={pos=(0.282439,-0.584087), vel=(1.935598,1.022341)}
particle={pos=(0.554850,-0.966628), vel=(-0.954737,-0.348045)}
particle={pos=(0.048606,-0.499489), vel=(-2.384830,-0.420630)}
particle={pos=(0.017606,-0.464910), vel=(1.928901,1.334885)}
particle={pos=(0.000477,-0.446765), vel=(1.580353,1.439843)}
particle={pos=(0.027384,-0.447407), vel=(1.492796,1.329026)}
particle={pos=(0.060912,-0.441220), vel=(1.364394,1.376513)}
particle={pos=(0.056649,-0.438145), vel=(1.293906,1.201390)}
particle={pos=(0.001800,-0.420430), vel=(1.200351,1.238888)}
particle={pos=(0.013881,-0.412895), vel=(-0.577387,0.676239)}
particle={pos=(0.013713,-0.403261), vel=(0.903519,1.135840)}
particle={pos=(0.026111,-0.390840), vel=(-0.323562,0.981788)}
particle={pos=(0.043262,-0.422536), vel=(-0.299144,1.002532)}
particle={pos=(0.033980,-0.397935), vel=(-0.598579,0.445191)}
particle={pos=(0.051944,-0.397306), vel=(-0.522374,0.522593)}
particle={pos=(0.073069,-0.440685), vel=(1.461150,1.258534)}
particle={pos=(0.006681,-0.380875), vel=(-0.335205,1.051674)}
particle={pos=(0.002061,-0.346237), vel=(-0.100855,1.091172)}
particle={pos=(0.022987,-0.330045), vel=(0.104851,1.442590)}
particle={pos=(0.061506,-0.344830), vel=(0.190356,1.422627)}
particle={pos=(0.050248,-0.327352), vel=(-0.307358,0.269193)}
particle={pos=(0.087053,-0.360393), vel=(0.557444,1.596211)}
particle={pos=(0.099562,-0.375322), vel=(0.547883,1.508288)}
particle={pos=(0.072996,-0.299897), vel=(-0.192665,0.410363)}
particle={pos=(0.088256,-0.270144), vel=(-0.220326,0.571071)}
particle={pos=(0.167105,-0.275939), vel=(0.159718,0.700322)}
particle={pos=(0.445994,-0.453560), vel=(-1.088133,1.730602)}
particle={pos=(0.317404,-0.365389), vel=(-1.923969,0.635185)}
particle={pos=(0.316070,-0.339342), vel=(-1.615887,1.978625)}
particle={pos=(0.368157,-0.313996), vel=(-1.508372,1.978828)}
particle={pos=(0.385696,-0.311558), vel=(-1.481520,1.930402)}
particle={pos=(0.381976,-0.286195), vel=(-1.506900,1.848587)}
particle={pos=(0.495907,-0.380894), vel=(-0.878216,1.840641)}
particle={pos=(0.395401,-0.289922), vel=(-1.500583,1.945163)}
particle={pos=(0.410893,-0.291864), vel=(-1.545209,0.879164)}
particle={pos=(0.101631,-0.218583), vel=(-0.131359,0.596742)}
particle={pos=(0.005087,-0.187031), vel=(-2.430888,1.471641)}
particle={pos=(0.137618,-0.227313), vel=(-0.012726,0.674345)}
particle={pos=(0.138262,-0.200972), vel=(-2.149771,1.631887)}
particle={pos=(0.239359,-0.248395), vel=(-1.819133,1.730164)}
particle={pos=(0.241410,-0.240500), vel=(-1.631638,-0.430810)}
particle={pos=(0.181648,-0.139657), vel=(0.345702,0.862775)}
particle={pos=(0.024489,-0.122251), vel=(-2.294768,1.551823)}
particle={pos=(0.057104,-0.036156), vel=(-0.265801,1.164704)}
particle={pos=(0.078333,-0.065001), vel=(2.158480,1.298923)}
particle={pos=(0.185794,-0.101160), vel=(0.431602,0.991421)}
particle={pos=(0.356454,-0.227404), vel=(-1.561995,2.000092)}
particle={pos=(0.344148,-0.149797), vel=(-1.480424,1.085003)}
particle={pos=(-0.526467,0.157702), vel=(-0.258579,0.846495)}
particle={pos=(-0.443380,0.026968), vel=(-1.415545,1.973258)}
particle={pos=(-0.412418,0.029989), vel=(-1.754980,1.911999)}
particle={pos=(-0.364771,0.024238), vel=(0.554333,1.911625)}
particle={pos=(-0.267519,0.236453), vel=(-0.932902,0.949272)}
particle={pos=(-0.250584,0.069931), vel=(-0.212346,0.362759)}
particle={pos=(-0.142913,0.092113), vel=(-1.045368,-1.221792)}
particle={pos=(-0.048453,0.011741), vel=(-0.690011,1.365150)}
particle={pos=(-0.043193,0.039870), vel=(-0.777123,1.654302)}
particle={pos=(-0.030195,0.036869), vel=(-0.627464,1.563597)}
particle={pos=(-0.099887,0.089416), vel=(-1.401498,-1.261985)}
particle={pos=(-0.210802,0.163315), vel=(-1.314472,1.041023)}
particle={pos=(-0.146623,0.145037), vel=(0.551703,1.992855)}
particle={pos=(-0.054861,0.189121), vel=(-0.828597,1.432619)}
particle={pos=(-0.106348,0.224665), vel=(-0.510955,-1.321979)}
particle={pos=(-0.100325,0.225540), vel=(-2.063916,1.186520)}
particle={pos=(-0.081388,0.247214), vel=(-1.190337,1.915937)}
particle={pos=(-0.052903,0.258961), vel=(-1.405743,1.949566)}
particle={pos=(-0.272858,0.274890), vel=(0.113301,1.922015)}
particle={pos=(-0.268527,0.298711), vel=(-1.025607,1.356538)}
particle={pos=(-0.268500,0.307830), vel=(-1.387063,1.297423)}
particle={pos=(-0.268939,0.319666), vel=(-0.711800,1.391915)}
particle={pos=(-0.261088,0.322001), vel=(-1.453437,1.021605)}
particle={pos=(-0.262432,0.330493), vel=(-1.457703,0.977854)}
particle={pos=(-0.274024,0.337597), vel=(-1.271054,1.320619)}
particle={pos=(-0.265197,0.352540), vel=(0.800754,1.162205)}
particle={pos=(-0.261157,0.370027), vel=(-0.452336,1.898877)}
particle={pos=(-0.440679,0.438130), vel=(0.328734,1.713758)}
particle={pos=(-0.278664,0.480784), vel=(-0.584900,-1.540651)}
particle={pos=(-0.285873,0.505954), vel=(0.366240,-2.523811)}
particle={pos=(-0.269397,0.511886), vel=(1.484967,1.711105)}
particle={pos=(-0.259999,0.309922), vel=(0.286035,-2.290320)}
particle={pos=(-0.219354,0.317426), vel=(0.729834,-2.615317)}
particle={pos=(-0.157872,0.266594), vel=(-0.860408,2.124435)}
particle={pos=(-0.140705,0.261096), vel=(-0.156616,-2.144559)}
particle={pos=(-0.259779,0.325750), vel=(-1.374637,1.042139)}
particle={pos=(-0.257565,0.326662), vel=(-1.198403,1.071918)}
particle={pos=(-0.257381,0.328476), vel=(-1.292881,1.013975)}
particle={pos=(-0.248021,0.355628), vel=(-1.140124,0.695087)}
particle={pos=(-0.244735,0.365326), vel=(-1.852899,0.638043)}
particle={pos=(-0.260248,0.373773), vel=(0.605006,1.729695)}
particle={pos=(-0.240652,0.370687), vel=(-1.952367,0.612876)}
particle={pos=(-0.240628,0.373854), vel=(0.442446,1.324217)}
particle={pos=(-0.232900,0.373175), vel=(-1.042019,0.684518)}
particle={pos=(-0.237127,0.380385), vel=(-0.843522,0.708914)}
particle={pos=(-0.237500,0.385380), vel=(-0.770583,0.708661)}
particle={pos=(-0.200703,0.367983), vel=(-2.266271,1.404092)}
particle={pos=(-0.119127,0.276564), vel=(-0.490446,-1.040893)}
particle={pos=(-0.030963,0.272581), vel=(0.353346,-2.669186)}
particle={pos=(-0.055718,0.325654), vel=(-0.496846,-0.822057)}
particle={pos=(-0.063245,0.365931), vel=(0.145966,-0.926146)}
particle={pos=(-0.056013,0.358830), vel=(0.277032,-1.133627)}
particle={pos=(-0.247439,0.405122), vel=(0.492185,1.260076)}
particle={pos=(-0.232289,0.392992), vel=(-1.192730,0.620202)}
particle={pos=(-0.226177,0.420053), vel=(-0.657845,0.603713)}
particle={pos=(-0.242857,0.447758), vel=(-1.046135,-2.209858)}
particle={pos=(-0.209207,0.434701), vel=(0.468731,1.827269)}
particle={pos=(-0.194448,0.460506), vel=(-0.773685,1.139487)}
particle={pos=(-0.195239,0.460845), vel=(-1.338717,1.298770)}
particle={pos=(-0.184078,0.487289), vel=(-1.428238,-2.683658)}
particle={pos=(-0.181489,0.487665), vel=(-1.405642,1.428805)}
particle={pos=(-0.165406,0.478043), vel=(0.310584,1.183409)}
particle={pos=(-0.153341,0.506738), vel=(2.824020,-2.004300)}
particle={pos=(-0.151057,0.507606), vel=(0.811010,1.673912)}
particle={pos=(-0.125321,0.410824), vel=(-1.591094,2.557758)}
particle={pos=(-0.033529,0.420550), vel=(0.947390,-1.785526)}
particle={pos=(-0.016845,0.406797), vel=(-1.799106,2.593411)}
particle={pos=(-0.008733,0.435712), vel=(0.986230,-1.627015)}
particle={pos=(-0.009528,0.448902), vel=(1.020362,-1.527332)}
particle={pos=(-0.086743,0.483706), vel=(1.128452,-0.954376)}
particle={pos=(-0.526896,0.727702), vel=(-0.175079,1.561488)}
particle={pos=(-0.851256,0.919025), vel=(-2.186208,-0.795767)}
particle={pos=(-0.852035,1.005041), vel=(-1.839778,-0.534627)}
particle={pos=(-0.864384,1.017926), vel=(-2.084735,-0.502373)}
particle={pos=(-0.641765,1.022622), vel=(-3.742208,-0.081149)}
particle={pos=(-0.417286,0.577355), vel=(-0.502053,-3.030554)}
particle={pos=(-0.457949,0.593445), vel=(0.618957,2.014433)}
particle={pos=(-0.429309,0.600611), vel=(-0.825276,-3.379767)}
particle={pos=(-0.356355,0.539344), vel=(-0.262337,-3.155781)}
particle={pos=(-0.333945,0.550897), vel=(-0.054756,-2.820618)}
particle={pos=(-0.371084,0.649128), vel=(0.846903,2.099711)}
particle={pos=(-0.399096,0.764159), vel=(-0.329648,-1.895904)}
particle={pos=(-0.364792,0.678797), vel=(1.574594,1.644738)}
particle={pos=(-0.365121,0.694474), vel=(1.074767,1.915176)}
particle={pos=(-0.286136,0.726526), vel=(0.133228,-0.625841)}
particle={pos=(-0.202979,0.546930), vel=(0.426852,0.814839)}
particle={pos=(-0.239042,0.555810), vel=(0.354814,-1.074392)}
particle={pos=(-0.227722,0.569939), vel=(0.267904,0.947490)}
particle={pos=(-0.178454,0.547549), vel=(0.260839,1.319471)}
particle={pos=(-0.150552,0.560252), vel=(0.925394,1.594232)}
particle={pos=(-0.233442,0.590700), vel=(1.329512,1.043720)}
particle={pos=(-0.210263,0.609051), vel=(0.537714,1.013591)}
particle={pos=(-0.208032,0.621519), vel=(1.428778,1.980231)}
particle={pos=(-0.215456,0.650206), vel=(0.613402,1.037997)}
particle={pos=(-0.151188,0.592088), vel=(1.106819,1.431693)}
particle={pos=(-0.162446,0.610309), vel=(1.492083,1.522816)}
particle={pos=(-0.117296,0.579504), vel=(-0.863607,-3.226705)}
particle={pos=(-0.010946,0.523011), vel=(-1.391591,3.340334)}
particle={pos=(-0.007655,0.530435), vel=(-1.877968,2.734117)}
particle={pos=(-0.092129,0.591420), vel=(-2.694589,0.920464)}
particle={pos=(-0.212981,0.697548), vel=(1.563946,1.902164)}
particle={pos=(-0.205528,0.686807), vel=(0.832743,0.993671)}
particle={pos=(-0.222776,0.706500), vel=(0.352419,-2.257961)}
particle={pos=(-0.211374,0.704005), vel=(1.537495,1.065315)}
particle={pos=(-0.202189,0.711390), vel=(2.714229,-2.367733)}
particle={pos=(-0.184505,0.710769), vel=(1.748954,1.523339)}
particle={pos=(-0.134073,0.734477), vel=(-1.282034,-2.162179)}
particle={pos=(-0.156934,0.770324), vel=(0.756801,1.470726)}
particle={pos=(-0.119146,0.680037), vel=(-0.833975,-3.631180)}
particle={pos=(-0.097460,0.670314), vel=(0.288800,-0.173100)}
particle={pos=(-0.117861,0.698569), vel=(-1.422711,-1.746155)}
particle={pos=(-0.114834,0.702234), vel=(-1.256234,-1.984733)}
particle={pos=(-0.100565,0.711203), vel=(-1.055500,-1.224496)}
particle={pos=(-0.103622,0.715959), vel=(-0.918843,-1.940874)}
particle={pos=(-0.093848,0.694092), vel=(-1.030243,-1.385754)}
particle={pos=(-0.095680,0.698333), vel=(-1.101711,-1.479702)}
particle={pos=(-0.085297,0.697145), vel=(-0.734642,-1.123159)}
particle={pos=(-0.070596,0.685641), vel=(-0.723982,-1.142994)}
particle={pos=(-0.084539,0.707978), vel=(-0.656817,-1.636553)}
particle={pos=(-0.114635,0.716231), vel=(-1.183185,-1.225278)}
particle={pos=(-0.110267,0.720426), vel=(-1.169895,-1.256438)}
particle={pos=(-0.098815,0.716307), vel=(0.547231,-0.171227)}
particle={pos=(-0.111740,0.729946), vel=(-1.118038,-1.004143)}
particle={pos=(-0.100111,0.727232), vel=(-0.932208,-0.913733)}
particle={pos=(-0.109444,0.734772), vel=(-1.374239,-1.046750)}
particle={pos=(-0.086998,0.720961), vel=(-2.265995,-0.059449)}
particle={pos=(-0.082414,0.722364), vel=(-0.588646,-0.931140)}
particle={pos=(-0.089624,0.739541), vel=(-1.437215,-1.003450)}
particle={pos=(-0.082103,0.735168), vel=(0.670535,-0.166840)}
particle={pos=(-0.085490,0.753922), vel=(0.571356,-3.612416)}
particle={pos=(-0.077669,0.762106), vel=(-0.990972,-0.619649)}
particle={pos=(-0.064612,0.745693), vel=(-2.268183,-1.119095)}
particle={pos=(-0.004653,0.741461), vel=(-2.784993,2.322361)}
particle={pos=(-0.040481,0.749795), vel=(0.629551,-0.313107)}
particle={pos=(-0.409600,0.824268), vel=(1.532523,1.612733)}
particle={pos=(-0.503238,0.858728), vel=(1.453778,1.144708)}
particle={pos=(-0.321819,0.811721), vel=(1.704491,1.637912)}
particle={pos=(-0.278279,0.783728), vel=(-0.038231,2.818724)}
particle={pos=(-0.289488,0.835282), vel=(1.675137,1.177520)}
particle={pos=(-0.435502,0.959855), vel=(-2.278216,-3.271653)}
particle={pos=(-0.304890,0.916556), vel=(-0.863795,-0.700700)}
particle={pos=(-0.281183,0.962435), vel=(-0.101535,0.254509)}
particle={pos=(-0.381447,1.022063), vel=(-2.292633,-3.544273)}
particle={pos=(-0.350180,1.029540), vel=(1.818391,-3.038496)}
particle={pos=(-0.279530,0.997731), vel=(0.049771,0.045330)}
particle={pos=(-0.318672,1.040635), vel=(0.994657,-0.177317)}
particle={pos=(-0.179480,0.827993), vel=(-0.178536,2.978544)}
particle={pos=(-0.217271,0.869284), vel=(-1.533005,-0.620957)}
particle={pos=(-0.199737,0.900961), vel=(0.613325,-0.076997)}
particle={pos=(-0.193361,0.908746), vel=(0.509825,-0.510633)}
particle={pos=(-0.118815,0.811763), vel=(-2.002166,-0.883963)}
particle={pos=(-0.085181,0.805610), vel=(-2.262002,-0.525669)}
particle={pos=(-0.088529,0.807849), vel=(-0.871922,-0.521284)}
particle={pos=(-0.088922,0.833528), vel=(-2.052466,-0.570708)}
particle={pos=(-0.080634,0.855447), vel=(-3.366847,2.189721)}
particle={pos=(-0.024157,0.877536), vel=(0.656864,-0.528857)}
particle={pos=(-0.218103,0.912863), vel=(-2.877601,2.571386)}
particle={pos=(-0.259358,0.947772), vel=(-0.844220,-0.087774)}
particle={pos=(-0.236447,0.952054), vel=(0.297840,-0.351855)}
particle={pos=(-0.243375,0.975666), vel=(1.732490,1.627380)}
particle={pos=(-0.191543,0.973695), vel=(1.611486,1.569007)}
particle={pos=(-0.134547,0.950839), vel=(-3.071824,1.114498)}
particle={pos=(-0.158970,0.961966), vel=(-4.890149,0.078650)}
particle={pos=(-0.173730,0.996635), vel=(-0.278274,2.944143)}
particle={pos=(-0.178976,1.006203), vel=(-2.637642,1.072064)}
particle={pos=(-0.134993,1.007609), vel=(-2.679407,0.910506)}
particle={pos=(-0.090654,0.928003), vel=(-0.508215,-3.390483)}
particle={pos=(-0.108986,0.956789), vel=(0.951604,1.582991)}
particle={pos=(-0.080037,0.950577), vel=(-0.578615,-3.359931)}
particle={pos=(-0.032860,0.938812), vel=(-2.719816,1.244866)}
particle={pos=(-0.121063,1.024777), vel=(0.202622,-0.108174)}
particle={pos=(-0.051715,1.027796), vel=(-0.083471,-3.431109)}
particle={pos=(-0.742679,1.071814), vel=(-3.099872,0.181347)}
particle={pos=(-0.662036,1.058866), vel=(-1.651309,-1.568984)}
particle={pos=(-0.660624,1.071566), vel=(-1.944370,-1.890143)}
particle={pos=(-0.681227,1.083686), vel=(-1.828366,-1.788429)}
particle={pos=(-0.659479,1.148111), vel=(-0.621224,-1.023500)}
particle={pos=(-0.639015,1.056052), vel=(-1.229990,-1.295004)}
particle={pos=(-0.636673,1.057506), vel=(-1.358392,-1.379280)}
particle={pos=(-0.614315,1.043628), vel=(-1.309781,-1.303111)}
particle={pos=(-0.617465,1.067443), vel=(-0.886274,-1.184800)}
particle={pos=(-0.602809,1.070165), vel=(-0.841189,-1.330107)}
particle={pos=(-0.595135,1.073827), vel=(-1.026704,-1.151519)}
particle={pos=(-0.594860,1.080669), vel=(-1.129280,-1.009840)}
particle={pos=(-0.551167,1.068544), vel=(-1.274494,-1.042501)}
particle={pos=(-0.544693,1.071943), vel=(-1.252375,-0.983613)}
particle={pos=(-0.566136,1.106664), vel=(-1.191521,-0.879444)}
particle={pos=(-0.558006,1.105349), vel=(-1.087879,-0.996017)}
particle={pos=(-0.598982,1.164158), vel=(-0.432338,-1.072475)}
particle={pos=(-0.541023,1.139550), vel=(-0.250017,-1.110501)}
particle={pos=(-0.759258,1.364574), vel=(-1.038847,-1.518889)}
particle={pos=(-0.744378,1.351427), vel=(-1.002763,-1.586593)}
particle={pos=(-0.700120,1.345047), vel=(-0.799213,-1.738501)}
particle={pos=(-0.733479,1.373756), vel=(-0.949352,-1.622795)}
particle={pos=(-0.744921,1.384679), vel=(-0.804187,-0.771473)}
particle={pos=(-0.687486,1.368826), vel=(0.578423,-0.603157)}
particle={pos=(-0.680545,1.383883), vel=(-0.588789,-1.640707)}
particle={pos=(-0.665043,1.389322), vel=(-0.073526,-1.231849)}
particle={pos=(-0.651011,1.364213), vel=(-0.412492,-1.630352)}
particle={pos=(-0.523359,1.339860), vel=(-2.848255,-1.905953)}
particle={pos=(-0.618528,1.398765), vel=(0.440100,1.088811)}
particle={pos=(-0.557299,1.427959), vel=(-3.539323,-1.783173)}
particle={pos=(-0.651911,1.437236), vel=(0.266515,1.459551)}
particle={pos=(-0.767782,1.545108), vel=(-2.465920,1.475639)}
particle={pos=(-0.553602,1.469530), vel=(-2.659073,-3.023537)}
particle={pos=(-0.544920,1.470185), vel=(0.683450,-1.404579)}
particle={pos=(-0.495059,1.078732), vel=(-0.836424,-0.991514)}
particle={pos=(-0.420632,1.090506), vel=(-0.063914,-0.259701)}
particle={pos=(-0.459620,1.121165), vel=(-0.348820,-0.393850)}
particle={pos=(-0.469702,1.123673), vel=(-0.340548,-0.291705)}
particle={pos=(-0.448109,1.119123), vel=(-0.281391,-0.331469)}
particle={pos=(-0.431129,1.106981), vel=(-0.069226,-0.252698)}
particle={pos=(-0.344432,1.073150), vel=(-5.012479,-0.191222)}
particle={pos=(-0.369059,1.105599), vel=(-2.774740,-3.657733)}
particle={pos=(-0.357649,1.085666), vel=(-2.505303,-3.683328)}
particle={pos=(-0.295290,1.053422), vel=(1.313611,1.719598)}
particle={pos=(-0.293242,1.059056), vel=(1.271419,1.835214)}
particle={pos=(-0.353199,1.121199), vel=(-2.617743,-3.748398)}
particle={pos=(-0.497053,1.301717), vel=(-0.968503,-1.548081)}
particle={pos=(-0.446581,1.240056), vel=(-0.331532,-1.436124)}
particle={pos=(-0.423803,1.284801), vel=(-0.269078,-1.353013)}
particle={pos=(-0.307838,1.174735), vel=(-2.253186,2.727320)}
particle={pos=(-0.265376,1.235606), vel=(-4.657504,1.531415)}
particle={pos=(-0.324821,1.251688), vel=(-4.154727,2.270413)}
particle={pos=(-0.315510,1.267018), vel=(-1.543761,2.912084)}
particle={pos=(-0.272440,1.279756), vel=(0.395101,-0.460803)}
particle={pos=(-0.171288,1.056837), vel=(1.651868,1.509132)}
particle={pos=(-0.157896,1.090698), vel=(-0.580849,3.337047)}
particle={pos=(-0.196932,1.163465), vel=(-2.642499,0.532529)}
particle={pos=(-0.182699,1.167425), vel=(-2.644130,0.376804)}
particle={pos=(-0.042314,1.068319), vel=(0.418953,-3.295622)}
particle={pos=(-0.053734,1.127199), vel=(1.029184,-3.031338)}
particle={pos=(-0.240755,1.183057), vel=(-2.368689,0.429007)}
particle={pos=(-0.145362,1.223453), vel=(0.226159,-0.245966)}
particle={pos=(-0.257650,1.293871), vel=(0.610117,-0.352310)}
particle={pos=(-0.153219,1.245235), vel=(-0.582809,3.632717)}
particle={pos=(-0.192251,1.285892), vel=(0.903233,-0.340878)}
particle={pos=(-0.124077,1.187100), vel=(0.862335,-0.041624)}
particle={pos=(-0.096357,1.223428), vel=(0.593349,-0.138379)}
particle={pos=(-0.083887,1.228374), vel=(1.411782,-0.688644)}
particle={pos=(-0.114420,1.278112), vel=(0.054707,0.070874)}
particle={pos=(-0.103662,1.297800), vel=(-2.304385,3.931493)}
particle={pos=(-0.042755,1.249730), vel=(0.838461,-0.232685)}
particle={pos=(-0.003991,1.275143), vel=(-2.893108,3.558821)}
particle={pos=(-0.428159,1.316171), vel=(1.053955,-1.128881)}
particle={pos=(-0.436622,1.346132), vel=(-3.835486,2.182479)}
particle={pos=(-0.419071,1.340952), vel=(1.441605,-0.955768)}
particle={pos=(-0.514427,1.369993), vel=(1.202626,-1.115680)}
particle={pos=(-0.512342,1.384611), vel=(-0.742298,-1.315100)}
particle={pos=(-0.488952,1.394781), vel=(-2.969457,-2.094271)}
particle={pos=(-0.472291,1.409876), vel=(-1.923489,-1.992047)}
particle={pos=(-0.405093,1.373172), vel=(-0.156679,-1.621501)}
particle={pos=(-0.443955,1.428564), vel=(-2.566417,2.865411)}
particle={pos=(-0.432582,1.425919), vel=(-0.274795,-1.572718)}
particle={pos=(-0.389475,1.303390), vel=(1.308923,-2.706674)}
particle={pos=(-0.279375,1.314283), vel=(-0.792071,1.993991)}
particle={pos=(-0.277511,1.331431), vel=(0.144893,-0.308954)}
particle={pos=(-0.297769,1.345551), vel=(-0.346943,-0.689247)}
particle={pos=(-0.299053,1.380500), vel=(2.045565,-0.180824)}
particle={pos=(-0.473254,1.439002), vel=(-2.867460,2.778885)}
particle={pos=(-0.482201,1.445361), vel=(-2.141239,-1.852286)}
particle={pos=(-0.432006,1.451705), vel=(-0.576535,-1.638349)}
particle={pos=(-0.507252,1.499298), vel=(-1.142197,-1.544228)}
particle={pos=(-0.474632,1.552185), vel=(1.004103,-1.032378)}
particle={pos=(-0.405829,1.505700), vel=(-3.113249,-2.070930)}
particle={pos=(-0.385568,1.441938), vel=(2.040283,-0.360355)}
particle={pos=(-0.321573,1.458414), vel=(-1.440819,2.866412)}
particle={pos=(-0.321736,1.461170), vel=(-1.549189,0.732973)}
particle={pos=(-0.270712,1.475761), vel=(1.007308,-1.576513)}
particle={pos=(-0.388643,1.531588), vel=(-3.129492,-2.004736)}
particle={pos=(-0.339097,1.558192), vel=(-0.571998,0.475309)}
particle={pos=(-0.324336,1.552528), vel=(-2.677537,0.611540)}
particle={pos=(-0.277648,1.538260), vel=(-2.892879,0.593666)}
particle={pos=(-0.265525,1.533663), vel=(-0.822946,1.437486)}
particle={pos=(-0.157594,1.307352), vel=(0.599385,-1.450311)}
particle={pos=(-0.152561,1.305499), vel=(-0.044645,0.112451)}
particle={pos=(-0.161193,1.322470), vel=(-0.173949,-0.114887)}
particle={pos=(-0.162846,1.355554), vel=(-0.681499,0.013814)}
particle={pos=(-0.165615,1.360418), vel=(-0.648980,-0.008387)}
particle={pos=(-0.139018,1.350743), vel=(-0.724781,-0.014677)}
particle={pos=(-0.151735,1.359781), vel=(-0.678039,0.063628)}
particle={pos=(-0.143041,1.358821), vel=(-0.936834,3.763227)}
particle={pos=(-0.256777,1.395374), vel=(-2.573001,0.571608)}
particle={pos=(-0.218539,1.394479), vel=(0.249341,0.022653)}
particle={pos=(-0.196967,1.397872), vel=(-1.035503,0.159503)}
particle={pos=(-0.206396,1.403785), vel=(-2.108087,0.634300)}
particle={pos=(-0.207091,1.406818), vel=(-1.489098,1.418612)}
particle={pos=(-0.184865,1.375072), vel=(-0.203825,-1.240052)}
particle={pos=(-0.178129,1.372133), vel=(-0.844341,0.025319)}
particle={pos=(-0.181090,1.412147), vel=(0.689368,-1.717601)}
particle={pos=(-0.190633,1.428729), vel=(-0.423512,0.198754)}
particle={pos=(-0.125087,1.343276), vel=(-0.259277,0.052357)}
particle={pos=(-0.095888,1.349038), vel=(1.957339,0.008068)}
particle={pos=(-0.091387,1.349395), vel=(-0.485432,-0.013196)}
particle={pos=(-0.084339,1.363485), vel=(-2.256278,2.730664)}
particle={pos=(-0.055488,1.306042), vel=(-1.024886,0.765060)}
particle={pos=(-0.058541,1.324363), vel=(-0.267850,-0.033354)}
particle={pos=(-0.032998,1.321624), vel=(0.159279,-0.029385)}
particle={pos=(-0.125296,1.380658), vel=(-1.562477,3.768330)}
particle={pos=(-0.116077,1.394979), vel=(-1.853553,0.903962)}
particle={pos=(-0.116957,1.397488), vel=(-1.967430,0.399684)}
particle={pos=(-0.012776,1.367817), vel=(-1.184721,0.771142)}
particle={pos=(-0.240440,1.433790), vel=(-0.803441,-1.091588)}
particle={pos=(-0.235781,1.447645), vel=(-0.678622,-1.188322)}
particle={pos=(-0.228600,1.453171), vel=(-1.227257,1.521839)}
particle={pos=(-0.219171,1.437292), vel=(0.565903,-0.283673)}
particle={pos=(-0.224014,1.450338), vel=(-0.564756,-1.226434)}
particle={pos=(-0.222181,1.449169), vel=(-1.491802,0.853713)}
particle={pos=(-0.179294,1.455546), vel=(0.341141,-0.449414)}
particle={pos=(-0.160993,1.463040), vel=(0.374683,-0.477336)}
particle={pos=(-0.175252,1.481582), vel=(-0.483767,-1.255337)}
particle={pos=(-0.210731,1.499964), vel=(0.189643,0.001986)}
particle={pos=(-0.199542,1.529113), vel=(0.277797,-0.189715)}
particle={pos=(-0.202486,1.534983), vel=(0.196323,-0.250005)}
particle={pos=(-0.215668,1.547309), vel=(-2.925470,0.678791)}
particle={pos=(-0.190949,1.527883), vel=(-0.807840,-1.343106)}
particle={pos=(-0.713829,1.686732), vel=(-0.635606,-1.604673)}
particle={pos=(-0.679088,1.782912), vel=(-0.615106,0.319716)}
particle={pos=(-0.522837,1.711356), vel=(-1.837198,-0.445480)}
particle={pos=(-0.520921,1.727175), vel=(-1.922362,-0.429118)}
particle={pos=(-0.795679,2.076540), vel=(-1.913962,-0.222530)}
particle={pos=(-0.709341,2.021771), vel=(-1.492225,-0.625461)}
particle={pos=(-0.662317,2.064799), vel=(-2.226754,-0.664826)}
particle={pos=(-0.505846,1.564315), vel=(-1.957173,2.514453)}
particle={pos=(-0.432667,1.574174), vel=(-3.503966,-1.770258)}
particle={pos=(-0.484477,1.644130), vel=(-1.705262,-0.721387)}
particle={pos=(-0.400701,1.631737), vel=(-0.938391,2.252025)}
particle={pos=(-0.378336,1.618902), vel=(-3.784308,-1.735855)}
particle={pos=(-0.312378,1.574074), vel=(-0.725595,0.761740)}
particle={pos=(-0.272548,1.602038), vel=(-1.468191,-0.852017)}
particle={pos=(-0.262340,1.607321), vel=(-1.434321,-0.939095)}
particle={pos=(-0.274116,1.627110), vel=(-0.378261,1.038454)}
particle={pos=(-0.327759,1.665567), vel=(-3.132530,-1.792647)}
particle={pos=(-0.327032,1.679807), vel=(-3.318300,-1.870563)}
particle={pos=(-0.322250,1.653618), vel=(-3.340602,-1.626295)}
particle={pos=(-0.516880,1.707109), vel=(-2.019558,-0.589267)}
particle={pos=(-0.509986,1.702336), vel=(-2.008816,-0.304343)}
particle={pos=(-0.514566,1.741781), vel=(-1.982095,-0.392685)}
particle={pos=(-0.509686,1.761758), vel=(-2.151527,-0.172383)}
particle={pos=(-0.493875,1.778675), vel=(-2.192606,-0.106501)}
particle={pos=(-0.445463,1.808643), vel=(-2.547321,0.169652)}
particle={pos=(-0.432903,1.810042), vel=(-2.732165,-0.015854)}
particle={pos=(-0.378439,1.696174), vel=(0.860213,-0.691410)}
particle={pos=(-0.322581,1.708367), vel=(-3.221780,-1.699995)}
particle={pos=(-0.306759,1.698026), vel=(-3.577442,-1.788645)}
particle={pos=(-0.311538,1.735921), vel=(-3.378537,2.089609)}
particle={pos=(-0.336257,1.819657), vel=(-3.526195,1.780758)}
particle={pos=(-0.323665,1.783052), vel=(-3.493957,1.931449)}
particle={pos=(-0.219016,1.582348), vel=(0.232820,-0.031109)}
particle={pos=(-0.204810,1.584098), vel=(-3.129295,2.376895)}
particle={pos=(-0.228165,1.606985), vel=(-1.032175,-0.919621)}
particle={pos=(-0.258983,1.623204), vel=(-1.332089,-0.936927)}
particle={pos=(-0.251861,1.621836), vel=(-1.396282,-0.913156)}
particle={pos=(-0.240175,1.621416), vel=(-1.176064,-0.921331)}
particle={pos=(-0.225847,1.607825), vel=(-0.900060,-0.929141)}
particle={pos=(-0.223523,1.615621), vel=(-1.038480,-0.945275)}
particle={pos=(-0.198261,1.626108), vel=(-0.085608,0.368367)}
particle={pos=(-0.182141,1.573908), vel=(-1.006130,-1.231862)}
particle={pos=(-0.181746,1.586045), vel=(0.172483,-0.101679)}
particle={pos=(-0.189056,1.594475), vel=(0.114931,-0.162763)}
particle={pos=(-0.183710,1.614967), vel=(0.005442,0.256440)}
particle={pos=(-0.243811,1.652725), vel=(-0.153193,0.705399)}
particle={pos=(-0.097020,1.563852), vel=(-2.364796,0.675331)}
particle={pos=(-0.196353,1.744867), vel=(-2.249230,1.236587)}
particle={pos=(-0.104490,1.709895), vel=(-1.686810,0.174099)}
particle={pos=(-0.040236,1.705788), vel=(-1.179318,0.174894)}
particle={pos=(-0.038766,1.709822), vel=(-1.174991,0.147949)}
particle={pos=(-0.118060,1.810914), vel=(-1.690244,1.093074)}
particle={pos=(-0.005386,1.775788), vel=(-0.904434,0.590947)}
particle={pos=(-0.037584,1.807014), vel=(-1.305923,1.075734)}
particle={pos=(-0.019181,1.816365), vel=(-1.164806,0.977719)}
particle={pos=(-0.407506,1.834210), vel=(-2.950218,0.290479)}
particle={pos=(-0.413186,1.838277), vel=(-2.713005,0.599648)}
particle={pos=(-0.418122,1.851752), vel=(-2.834734,0.954766)}
particle={pos=(-0.410215,1.848524), vel=(-2.800429,0.840803)}
particle={pos=(-0.377581,1.851375), vel=(-2.963552,1.134499)}
particle={pos=(-0.362361,1.884049), vel=(-3.376630,0.835708)}
particle={pos=(-0.351536,1.870814), vel=(-3.470004,1.480377)}
particle={pos=(-0.335863,1.892480), vel=(-3.267852,0.578154)}
particle={pos=(-0.269613,1.909597), vel=(-1.360051,0.236235)}
particle={pos=(0.058857,0.101251), vel=(-1.461457,1.295283)}
particle={pos=(0.051644,0.214721), vel=(-1.342054,-0.914568)}
particle={pos=(0.330990,0.100566), vel=(-1.457922,0.837504)}
particle={pos=(0.382100,0.174496), vel=(0.862182,3.475455)}
particle={pos=(0.032462,0.385809), vel=(0.949331,-1.516017)}
particle={pos=(0.021974,0.483072), vel=(-2.479740,1.248397)}
particle={pos=(0.100313,0.519920), vel=(0.244556,-0.127569)}
particle={pos=(0.155019,0.408212), vel=(1.397639,-1.455289)}
particle={pos=(0.150668,0.423151), vel=(0.593869,-2.281103)}
particle={pos=(0.188085,0.409123), vel=(0.971624,-1.294005)}
particle={pos=(0.152594,0.432452), vel=(1.443403,-1.425053)}
particle={pos=(0.137784,0.459205), vel=(-1.900457,2.715888)}
particle={pos=(0.158944,0.482831), vel=(-1.358263,3.566898)}
particle={pos=(0.230627,0.515929), vel=(-1.859402,2.789918)}
particle={pos=(0.521922,0.352982), vel=(-0.004200,3.117266)}
particle={pos=(0.068226,0.627010), vel=(-0.845666,0.096833)}
particle={pos=(0.184410,0.541933), vel=(-1.973606,2.835995)}
particle={pos=(0.256669,0.618259), vel=(-0.053488,-0.343228)}
particle={pos=(0.017157,0.695743), vel=(-2.154348,-1.590836)}
particle={pos=(0.057269,0.722111), vel=(-2.666993,2.413572)}
particle={pos=(0.075066,0.725364), vel=(-1.965587,-1.842991)}
particle={pos=(0.149264,0.776510), vel=(-1.956038,-1.157040)}
particle={pos=(0.252969,0.730693), vel=(0.759051,-0.206750)}
particle={pos=(0.216590,0.771904), vel=(-1.730297,-1.245335)}
particle={pos=(0.267397,0.622569), vel=(-2.287918,1.964676)}
particle={pos=(0.280034,0.633244), vel=(0.929027,-0.363635)}
particle={pos=(0.267322,0.642509), vel=(0.923238,-0.361640)}
particle={pos=(0.267829,0.650831), vel=(0.090487,-0.182412)}
particle={pos=(0.369855,0.641211), vel=(-0.819581,-1.387892)}
particle={pos=(0.274028,0.698842), vel=(0.782977,-0.199286)}
particle={pos=(0.307263,0.747702), vel=(0.671470,-0.100027)}
particle={pos=(0.093683,0.788281), vel=(-2.014949,-0.907164)}
particle={pos=(0.121854,0.789089), vel=(-2.021118,-1.063559)}
particle={pos=(0.128279,0.846643), vel=(0.124220,-0.604906)}
particle={pos=(0.095511,0.900749), vel=(-0.962504,-1.110566)}
particle={pos=(0.121345,0.894876), vel=(-0.443796,-0.834216)}
particle={pos=(0.117599,0.896232), vel=(-1.598357,-1.258493)}
particle={pos=(0.168423,0.787784), vel=(-1.938459,-1.129749)}
particle={pos=(0.249342,0.840336), vel=(1.240482,-1.463979)}
particle={pos=(0.136335,0.856966), vel=(-0.022858,-0.766290)}
particle={pos=(0.140919,0.896496), vel=(-1.570014,-1.337874)}
particle={pos=(0.211350,0.889658), vel=(1.359423,-1.373479)}
particle={pos=(0.225350,0.901100), vel=(-1.351579,-1.220213)}
particle={pos=(0.063228,0.951117), vel=(-1.252123,-0.763884)}
particle={pos=(0.054048,0.953963), vel=(-0.878260,-0.615877)}
particle={pos=(0.092085,0.956751), vel=(-1.378658,-0.841225)}
particle={pos=(0.097275,0.960989), vel=(-1.346692,-0.538164)}
particle={pos=(0.025472,0.982494), vel=(-1.320921,0.476693)}
particle={pos=(0.049457,1.008447), vel=(-1.392622,0.252959)}
particle={pos=(0.161912,0.921773), vel=(-1.485554,-1.082595)}
particle={pos=(0.174697,0.919242), vel=(-1.488572,-1.146273)}
particle={pos=(0.255089,0.911686), vel=(-1.070721,-0.328853)}
particle={pos=(0.289022,0.790235), vel=(-1.323795,-1.231997)}
particle={pos=(0.317280,0.795042), vel=(-1.152103,-1.326788)}
particle={pos=(0.338040,0.781780), vel=(0.479757,-0.097870)}
particle={pos=(0.340426,0.797656), vel=(0.472568,-0.116870)}
particle={pos=(0.332405,0.807188), vel=(0.458488,-0.285411)}
particle={pos=(0.349380,0.810111), vel=(0.450432,-0.180916)}
particle={pos=(0.400929,0.828666), vel=(-0.586593,-1.226085)}
particle={pos=(0.436705,0.829382), vel=(-0.177213,-1.110178)}
particle={pos=(0.463048,0.832038), vel=(0.160700,-1.029687)}
particle={pos=(0.457750,0.841202), vel=(0.088802,-0.999472)}
particle={pos=(0.274073,0.944442), vel=(1.004028,-1.616514)}
particle={pos=(0.710629,0.998559), vel=(-1.125100,3.326676)}
particle={pos=(0.879876,0.862738), vel=(1.916173,3.544867)}
particle={pos=(1.019881,0.787669), vel=(1.434943,3.317684)}
particle={pos=(0.924863,0.868891), vel=(1.762119,3.542759)}
particle={pos=(0.933025,0.921620), vel=(-0.335801,3.231818)}
particle={pos=(0.975254,0.986506), vel=(1.317145,3.393876)}
particle={pos=(0.992848,0.986507), vel=(1.213774,3.374079)}
particle={pos=(1.009661,0.989640), vel=(1.110705,3.380425)}
particle={pos=(1.064843,0.933929), vel=(0.304492,3.076907)}
particle={pos=(1.092152,0.926867), vel=(0.757915,3.182778)}
particle={pos=(1.088881,0.937328), vel=(0.659575,3.160277)}
particle={pos=(1.091324,0.943851), vel=(0.694198,3.160074)}
particle={pos=(1.073008,0.945312), vel=(0.398449,3.100136)}
particle={pos=(1.085344,1.032018), vel=(0.781034,3.218277)}
particle={pos=(1.086871,1.031903), vel=(0.776804,3.213284)}
particle={pos=(0.063787,1.046491), vel=(-1.750185,0.746346)}
particle={pos=(0.014318,1.081358), vel=(-0.774324,2.689164)}
particle={pos=(0.148716,1.124841), vel=(-4.215929,1.505760)}
particle={pos=(0.106026,1.222651), vel=(0.831703,0.245428)}
particle={pos=(0.103417,1.236636), vel=(-3.099408,3.322705)}
particle={pos=(0.016619,1.292945), vel=(1.312590,0.513230)}
particle={pos=(0.131704,1.203342), vel=(0.767159,0.178021)}
particle={pos=(0.238508,1.188814), vel=(-4.034044,1.341771)}
particle={pos=(0.060703,1.303387), vel=(0.955244,0.720953)}
particle={pos=(0.123053,1.332046), vel=(0.523561,0.590962)}
particle={pos=(0.020929,1.401789), vel=(-0.821383,0.612845)}
particle={pos=(0.029853,1.832905), vel=(-0.586312,1.334325)}
particle={pos=(0.067048,1.838876), vel=(-0.057058,1.533917)}
