particle={pos=(0.607165,-0.292841), vel=(0.283531,0.527104)}
particle={pos=(0.600193,-0.335380), vel=(0.459749,0.527095)}
particle={pos=(0.638024,-0.338429), vel=(0.468425,0.590211)}
particle={pos=(0.678868,-0.335929), vel=(0.476357,0.696356)}
particle={pos=(0.716218,-0.337351), vel=(0.521284,0.838935)}
particle={pos=(0.741093,-0.367382), vel=(0.652107,0.930560)}
particle={pos=(0.748394,-0.415956), vel=(0.816991,0.954831)}
particle={pos=(0.735517,-0.473667), vel=(0.988288,0.842097)}
particle={pos=(0.686322,-0.501562), vel=(1.093620,0.651648)}
particle={pos=(0.615046,-0.487710), vel=(1.073082,0.477672)}
particle={pos=(0.544707,-0.445116), vel=(0.971765,0.352327)}
particle={pos=(0.480851,-0.381616), vel=(0.824679,0.273142)}
particle={pos=(0.427168,-0.308819), vel=(0.671050,0.246692)}
particle={pos=(0.381749,-0.234420), vel=(0.535599,0.245906)}
particle={pos=(0.341332,-0.159891), vel=(0.415665,0.253169)}
particle={pos=(0.303471,-0.085528), vel=(0.304709,0.262379)}
particle={pos=(0.266394,-0.011678), vel=(0.198053,0.270449)}
particle={pos=(0.228713,0.061281), vel=(0.092509,0.275183)}
particle={pos=(0.189254,0.132921), vel=(-0.014136,0.274629)}
particle={pos=(0.146959,0.202742), vel=(-0.123401,0.266824)}
particle={pos=(0.100792,0.270270), vel=(-0.236527,0.250057)}
particle={pos=(0.049568,0.335249), vel=(-0.355174,0.222821)}
particle={pos=(-0.007959,0.396553), vel=(-0.479276,0.179667)}
particle={pos=(-0.071218,0.448658), vel=(-0.597319,0.109592)}
particle={pos=(-0.136130,0.485421), vel=(-0.690013,0.013097)}
particle={pos=(-0.203585,0.509466), vel=(-0.760115,-0.104067)}
particle={pos=(-0.276624,0.524172), vel=(-0.815106,-0.239475)}
particle={pos=(-0.352845,0.526751), vel=(-0.845362,-0.387501)}
particle={pos=(-0.429392,0.513039), vel=(-0.838218,-0.545463)}
particle={pos=(-0.499936,0.477887), vel=(-0.771598,-0.705794)}
particle={pos=(-0.546530,0.414878), vel=(-0.634968,-0.840776)}
particle={pos=(-0.560827,0.330370), vel=(-0.456972,-0.923570)}
particle={pos=(-0.551875,0.238917), vel=(-0.254839,-0.928711)}
particle={pos=(-0.519083,0.171244), vel=(-0.083385,-0.733601)}
particle={pos=(-0.469959,0.173553), vel=(0.001632,-0.458163)}
particle={pos=(-0.422277,0.211493), vel=(0.012984,-0.285652)}
particle={pos=(-0.400575,0.255289), vel=(-0.087271,-0.242683)}
particle={pos=(-0.395079,0.290546), vel=(-0.270969,-0.254835)}
particle={pos=(-0.378844,0.315945), vel=(-0.379467,-0.213606)}
particle={pos=(-0.302023,0.311868), vel=(-0.210705,-0.003405)}
